{"/Users/dinhhau/Desktop/to-do-list-haunguyen/src/app.ts": {"path":"/Users/dinhhau/Desktop/to-do-list-haunguyen/src/app.ts","statementMap":{"0":{"start":{"line":1,"column":0},"end":{"line":1,"column":30}},"1":{"start":{"line":3,"column":0},"end":{"line":3,"column":49}},"2":{"start":{"line":4,"column":0},"end":{"line":4,"column":42}},"3":{"start":{"line":5,"column":0},"end":{"line":5,"column":28}},"4":{"start":{"line":7,"column":0},"end":{"line":7,"column":16}},"5":{"start":{"line":8,"column":13},"end":{"line":8,"column":38}},"6":{"start":{"line":10,"column":12},"end":{"line":10,"column":21}},"7":{"start":{"line":11,"column":0},"end":{"line":11,"column":24}},"8":{"start":{"line":24,"column":0},"end":{"line":24,"column":30}},"9":{"start":{"line":25,"column":0},"end":{"line":25,"column":18}},"10":{"start":{"line":27,"column":0},"end":{"line":27,"column":19}}},"fnMap":{},"branchMap":{},"s":{"0":1,"1":1,"2":1,"3":1,"4":1,"5":1,"6":1,"7":1,"8":1,"9":1,"10":1},"f":{},"b":{}}
,"/Users/dinhhau/Desktop/to-do-list-haunguyen/src/data-source.ts": {"path":"/Users/dinhhau/Desktop/to-do-list-haunguyen/src/data-source.ts","statementMap":{"0":{"start":{"line":1,"column":0},"end":{"line":1,"column":26}},"1":{"start":{"line":2,"column":0},"end":{"line":2,"column":37}},"2":{"start":{"line":3,"column":0},"end":{"line":3,"column":44}},"3":{"start":{"line":5,"column":13},"end":{"line":13,"column":3}}},"fnMap":{},"branchMap":{},"s":{"0":1,"1":1,"2":1,"3":1},"f":{},"b":{}}
,"/Users/dinhhau/Desktop/to-do-list-haunguyen/src/setupSwagger.ts": {"path":"/Users/dinhhau/Desktop/to-do-list-haunguyen/src/setupSwagger.ts","statementMap":{"0":{"start":{"line":1,"column":0},"end":{"line":1,"column":43}},"1":{"start":{"line":2,"column":0},"end":{"line":2,"column":45}},"2":{"start":{"line":5,"column":21},"end":{"line":7,"column":1}},"3":{"start":{"line":6,"column":4},"end":{"line":6,"column":76}},"4":{"start":{"line":9,"column":0},"end":{"line":9,"column":28}}},"fnMap":{"0":{"name":"(anonymous_1)","decl":{"start":{"line":5,"column":21},"end":{"line":5,"column":22}},"loc":{"start":{"line":5,"column":46},"end":{"line":7,"column":1}}}},"branchMap":{},"s":{"0":1,"1":1,"2":1,"3":1,"4":1},"f":{"0":1},"b":{}}
,"/Users/dinhhau/Desktop/to-do-list-haunguyen/src/controllers/task.controller.ts": {"path":"/Users/dinhhau/Desktop/to-do-list-haunguyen/src/controllers/task.controller.ts","statementMap":{"0":{"start":{"line":2,"column":0},"end":{"line":2,"column":55}},"1":{"start":{"line":4,"column":20},"end":{"line":4,"column":37}},"2":{"start":{"line":6,"column":26},"end":{"line":15,"column":1}},"3":{"start":{"line":7,"column":4},"end":{"line":14,"column":5}},"4":{"start":{"line":8,"column":45},"end":{"line":8,"column":53}},"5":{"start":{"line":10,"column":21},"end":{"line":10,"column":75}},"6":{"start":{"line":11,"column":8},"end":{"line":11,"column":35}},"7":{"start":{"line":13,"column":8},"end":{"line":13,"column":20}},"8":{"start":{"line":6,"column":13},"end":{"line":6,"column":26}},"9":{"start":{"line":17,"column":24},"end":{"line":24,"column":1}},"10":{"start":{"line":18,"column":4},"end":{"line":23,"column":5}},"11":{"start":{"line":19,"column":22},"end":{"line":19,"column":50}},"12":{"start":{"line":20,"column":8},"end":{"line":20,"column":24}},"13":{"start":{"line":22,"column":8},"end":{"line":22,"column":20}},"14":{"start":{"line":17,"column":13},"end":{"line":17,"column":24}},"15":{"start":{"line":26,"column":27},"end":{"line":37,"column":1}},"16":{"start":{"line":27,"column":4},"end":{"line":36,"column":5}},"17":{"start":{"line":28,"column":21},"end":{"line":28,"column":75}},"18":{"start":{"line":29,"column":8},"end":{"line":33,"column":9}},"19":{"start":{"line":30,"column":12},"end":{"line":30,"column":27}},"20":{"start":{"line":32,"column":12},"end":{"line":32,"column":64}},"21":{"start":{"line":35,"column":8},"end":{"line":35,"column":20}},"22":{"start":{"line":26,"column":13},"end":{"line":26,"column":27}},"23":{"start":{"line":39,"column":26},"end":{"line":51,"column":1}},"24":{"start":{"line":40,"column":4},"end":{"line":50,"column":5}},"25":{"start":{"line":41,"column":45},"end":{"line":41,"column":53}},"26":{"start":{"line":42,"column":21},"end":{"line":42,"column":100}},"27":{"start":{"line":43,"column":8},"end":{"line":47,"column":9}},"28":{"start":{"line":44,"column":12},"end":{"line":44,"column":27}},"29":{"start":{"line":46,"column":12},"end":{"line":46,"column":64}},"30":{"start":{"line":49,"column":8},"end":{"line":49,"column":20}},"31":{"start":{"line":39,"column":13},"end":{"line":39,"column":26}},"32":{"start":{"line":53,"column":26},"end":{"line":64,"column":1}},"33":{"start":{"line":54,"column":4},"end":{"line":63,"column":5}},"34":{"start":{"line":55,"column":24},"end":{"line":55,"column":77}},"35":{"start":{"line":56,"column":8},"end":{"line":60,"column":9}},"36":{"start":{"line":57,"column":12},"end":{"line":57,"column":35}},"37":{"start":{"line":59,"column":12},"end":{"line":59,"column":64}},"38":{"start":{"line":62,"column":8},"end":{"line":62,"column":20}},"39":{"start":{"line":53,"column":13},"end":{"line":53,"column":26}}},"fnMap":{"0":{"name":"(anonymous_0)","decl":{"start":{"line":6,"column":26},"end":{"line":6,"column":31}},"loc":{"start":{"line":6,"column":84},"end":{"line":15,"column":1}}},"1":{"name":"(anonymous_1)","decl":{"start":{"line":17,"column":24},"end":{"line":17,"column":29}},"loc":{"start":{"line":17,"column":82},"end":{"line":24,"column":1}}},"2":{"name":"(anonymous_2)","decl":{"start":{"line":26,"column":27},"end":{"line":26,"column":32}},"loc":{"start":{"line":26,"column":85},"end":{"line":37,"column":1}}},"3":{"name":"(anonymous_3)","decl":{"start":{"line":39,"column":26},"end":{"line":39,"column":31}},"loc":{"start":{"line":39,"column":84},"end":{"line":51,"column":1}}},"4":{"name":"(anonymous_4)","decl":{"start":{"line":53,"column":26},"end":{"line":53,"column":31}},"loc":{"start":{"line":53,"column":84},"end":{"line":64,"column":1}}}},"branchMap":{"0":{"loc":{"start":{"line":29,"column":8},"end":{"line":33,"column":9}},"type":"if","locations":[{"start":{"line":29,"column":8},"end":{"line":33,"column":9}},{"start":{"line":31,"column":15},"end":{"line":33,"column":9}}]},"1":{"loc":{"start":{"line":43,"column":8},"end":{"line":47,"column":9}},"type":"if","locations":[{"start":{"line":43,"column":8},"end":{"line":47,"column":9}},{"start":{"line":45,"column":15},"end":{"line":47,"column":9}}]},"2":{"loc":{"start":{"line":56,"column":8},"end":{"line":60,"column":9}},"type":"if","locations":[{"start":{"line":56,"column":8},"end":{"line":60,"column":9}},{"start":{"line":58,"column":15},"end":{"line":60,"column":9}}]}},"s":{"0":1,"1":1,"2":1,"3":7,"4":7,"5":7,"6":6,"7":1,"8":1,"9":1,"10":1,"11":1,"12":1,"13":0,"14":1,"15":1,"16":2,"17":2,"18":2,"19":1,"20":1,"21":0,"22":1,"23":1,"24":2,"25":2,"26":2,"27":2,"28":1,"29":1,"30":0,"31":1,"32":1,"33":2,"34":2,"35":2,"36":1,"37":1,"38":0,"39":1},"f":{"0":7,"1":1,"2":2,"3":2,"4":2},"b":{"0":[1,1],"1":[1,1],"2":[1,1]}}
,"/Users/dinhhau/Desktop/to-do-list-haunguyen/src/entity/task.entity.ts": {"path":"/Users/dinhhau/Desktop/to-do-list-haunguyen/src/entity/task.entity.ts","statementMap":{"0":{"start":{"line":1,"column":0},"end":{"line":1,"column":65}},"1":{"start":{"line":4,"column":7},"end":{"line":16,"column":null}},"2":{"start":{"line":4,"column":13},"end":{"line":4,"column":17}},"3":{"start":{"line":6,"column":4},"end":{"line":6,"column":null}},"4":{"start":{"line":9,"column":4},"end":{"line":9,"column":null}},"5":{"start":{"line":12,"column":4},"end":{"line":12,"column":null}},"6":{"start":{"line":15,"column":4},"end":{"line":15,"column":null}},"7":{"start":{"line":4,"column":13},"end":{"line":16,"column":null}}},"fnMap":{},"branchMap":{},"s":{"0":1,"1":1,"2":1,"3":1,"4":1,"5":1,"6":1,"7":1},"f":{},"b":{}}
,"/Users/dinhhau/Desktop/to-do-list-haunguyen/src/repositories/task.repository.ts": {"path":"/Users/dinhhau/Desktop/to-do-list-haunguyen/src/repositories/task.repository.ts","statementMap":{"0":{"start":{"line":1,"column":0},"end":{"line":1,"column":47}},"1":{"start":{"line":2,"column":0},"end":{"line":2,"column":45}},"2":{"start":{"line":4,"column":13},"end":{"line":4,"column":64}}},"fnMap":{},"branchMap":{},"s":{"0":1,"1":1,"2":1},"f":{},"b":{}}
,"/Users/dinhhau/Desktop/to-do-list-haunguyen/src/routes/task.route.ts": {"path":"/Users/dinhhau/Desktop/to-do-list-haunguyen/src/routes/task.route.ts","statementMap":{"0":{"start":{"line":1,"column":0},"end":{"line":1,"column":33}},"1":{"start":{"line":2,"column":0},"end":{"line":2,"column":107}},"2":{"start":{"line":3,"column":0},"end":{"line":3,"column":60}},"3":{"start":{"line":5,"column":19},"end":{"line":5,"column":27}},"4":{"start":{"line":13,"column":9},"end":{"line":13,"column":19}},"5":{"start":{"line":7,"column":0},"end":{"line":7,"column":47}},"6":{"start":{"line":8,"column":0},"end":{"line":8,"column":30}},"7":{"start":{"line":9,"column":0},"end":{"line":9,"column":36}},"8":{"start":{"line":10,"column":0},"end":{"line":10,"column":49}},"9":{"start":{"line":11,"column":0},"end":{"line":11,"column":38}}},"fnMap":{},"branchMap":{},"s":{"0":1,"1":1,"2":1,"3":1,"4":1,"5":1,"6":1,"7":1,"8":1,"9":1},"f":{},"b":{}}
,"/Users/dinhhau/Desktop/to-do-list-haunguyen/src/services/task.service.ts": {"path":"/Users/dinhhau/Desktop/to-do-list-haunguyen/src/services/task.service.ts","statementMap":{"0":{"start":{"line":1,"column":0},"end":{"line":1,"column":65}},"1":{"start":{"line":2,"column":0},"end":{"line":2,"column":45}},"2":{"start":{"line":6,"column":21},"end":{"line":6,"column":31}},"3":{"start":{"line":7,"column":8},"end":{"line":7,"column":25}},"4":{"start":{"line":8,"column":8},"end":{"line":8,"column":35}},"5":{"start":{"line":9,"column":8},"end":{"line":9,"column":31}},"6":{"start":{"line":11,"column":8},"end":{"line":11,"column":47}},"7":{"start":{"line":15,"column":8},"end":{"line":15,"column":43}},"8":{"start":{"line":19,"column":8},"end":{"line":19,"column":54}},"9":{"start":{"line":23,"column":21},"end":{"line":23,"column":47}},"10":{"start":{"line":24,"column":8},"end":{"line":26,"column":9}},"11":{"start":{"line":25,"column":12},"end":{"line":25,"column":24}},"12":{"start":{"line":28,"column":8},"end":{"line":28,"column":25}},"13":{"start":{"line":29,"column":8},"end":{"line":29,"column":35}},"14":{"start":{"line":30,"column":8},"end":{"line":30,"column":31}},"15":{"start":{"line":32,"column":8},"end":{"line":32,"column":47}},"16":{"start":{"line":36,"column":23},"end":{"line":36,"column":58}},"17":{"start":{"line":37,"column":8},"end":{"line":37,"column":37}},"18":{"start":{"line":4,"column":0},"end":{"line":4,"column":13}}},"fnMap":{"0":{"name":"(anonymous_0)","decl":{"start":{"line":5,"column":4},"end":{"line":5,"column":9}},"loc":{"start":{"line":5,"column":71},"end":{"line":12,"column":5}}},"1":{"name":"(anonymous_1)","decl":{"start":{"line":14,"column":4},"end":{"line":14,"column":9}},"loc":{"start":{"line":14,"column":18},"end":{"line":16,"column":5}}},"2":{"name":"(anonymous_2)","decl":{"start":{"line":18,"column":4},"end":{"line":18,"column":9}},"loc":{"start":{"line":18,"column":32},"end":{"line":20,"column":5}}},"3":{"name":"(anonymous_3)","decl":{"start":{"line":22,"column":4},"end":{"line":22,"column":9}},"loc":{"start":{"line":22,"column":83},"end":{"line":33,"column":5}}},"4":{"name":"(anonymous_4)","decl":{"start":{"line":35,"column":4},"end":{"line":35,"column":9}},"loc":{"start":{"line":35,"column":31},"end":{"line":38,"column":5}}}},"branchMap":{"0":{"loc":{"start":{"line":24,"column":8},"end":{"line":26,"column":9}},"type":"if","locations":[{"start":{"line":24,"column":8},"end":{"line":26,"column":9}}]}},"s":{"0":1,"1":1,"2":7,"3":7,"4":7,"5":7,"6":7,"7":1,"8":4,"9":2,"10":2,"11":1,"12":1,"13":1,"14":1,"15":1,"16":2,"17":2,"18":1},"f":{"0":7,"1":1,"2":4,"3":2,"4":2},"b":{"0":[1]}}
,"/Users/dinhhau/Desktop/to-do-list-haunguyen/src/validation/taskValidation.ts": {"path":"/Users/dinhhau/Desktop/to-do-list-haunguyen/src/validation/taskValidation.ts","statementMap":{"0":{"start":{"line":3,"column":28},"end":{"line":25,"column":1}},"1":{"start":{"line":4,"column":41},"end":{"line":4,"column":49}},"2":{"start":{"line":6,"column":4},"end":{"line":8,"column":5}},"3":{"start":{"line":7,"column":8},"end":{"line":7,"column":109}},"4":{"start":{"line":10,"column":4},"end":{"line":12,"column":5}},"5":{"start":{"line":11,"column":8},"end":{"line":11,"column":103}},"6":{"start":{"line":14,"column":22},"end":{"line":14,"column":43}},"7":{"start":{"line":16,"column":4},"end":{"line":18,"column":5}},"8":{"start":{"line":17,"column":8},"end":{"line":17,"column":95}},"9":{"start":{"line":20,"column":4},"end":{"line":22,"column":5}},"10":{"start":{"line":21,"column":8},"end":{"line":21,"column":93}},"11":{"start":{"line":24,"column":4},"end":{"line":24,"column":11}},"12":{"start":{"line":3,"column":13},"end":{"line":3,"column":28}}},"fnMap":{"0":{"name":"(anonymous_0)","decl":{"start":{"line":3,"column":28},"end":{"line":3,"column":29}},"loc":{"start":{"line":3,"column":80},"end":{"line":25,"column":1}}}},"branchMap":{"0":{"loc":{"start":{"line":6,"column":4},"end":{"line":8,"column":5}},"type":"if","locations":[{"start":{"line":6,"column":4},"end":{"line":8,"column":5}}]},"1":{"loc":{"start":{"line":6,"column":8},"end":{"line":6,"column":61}},"type":"binary-expr","locations":[{"start":{"line":6,"column":8},"end":{"line":6,"column":13}},{"start":{"line":6,"column":17},"end":{"line":6,"column":41}},{"start":{"line":6,"column":45},"end":{"line":6,"column":61}}]},"2":{"loc":{"start":{"line":10,"column":4},"end":{"line":12,"column":5}},"type":"if","locations":[{"start":{"line":10,"column":4},"end":{"line":12,"column":5}}]},"3":{"loc":{"start":{"line":10,"column":8},"end":{"line":10,"column":29}},"type":"binary-expr","locations":[{"start":{"line":10,"column":8},"end":{"line":10,"column":15}},{"start":{"line":10,"column":19},"end":{"line":10,"column":29}}]},"4":{"loc":{"start":{"line":16,"column":4},"end":{"line":18,"column":5}},"type":"if","locations":[{"start":{"line":16,"column":4},"end":{"line":18,"column":5}}]},"5":{"loc":{"start":{"line":16,"column":8},"end":{"line":16,"column":47}},"type":"binary-expr","locations":[{"start":{"line":16,"column":8},"end":{"line":16,"column":17}},{"start":{"line":16,"column":21},"end":{"line":16,"column":47}}]},"6":{"loc":{"start":{"line":20,"column":4},"end":{"line":22,"column":5}},"type":"if","locations":[{"start":{"line":20,"column":4},"end":{"line":22,"column":5}}]},"7":{"loc":{"start":{"line":20,"column":8},"end":{"line":20,"column":43}},"type":"binary-expr","locations":[{"start":{"line":20,"column":8},"end":{"line":20,"column":15}},{"start":{"line":20,"column":19},"end":{"line":20,"column":43}}]}},"s":{"0":1,"1":14,"2":14,"3":2,"4":12,"5":1,"6":11,"7":11,"8":1,"9":10,"10":1,"11":9,"12":1},"f":{"0":14},"b":{"0":[2],"1":[14,13,13],"2":[1],"3":[12,4],"4":[1],"5":[11,5],"6":[1],"7":[10,3]}}
}
