TN:
SF:src/app.ts
FNF:0
FNH:0
DA:1,1
DA:3,1
DA:4,1
DA:5,1
DA:7,1
DA:8,1
DA:10,1
DA:11,1
DA:24,1
DA:25,1
DA:27,1
LF:11
LH:11
BRF:0
BRH:0
end_of_record
TN:
SF:src/data-source.ts
FNF:0
FNH:0
DA:1,1
DA:2,1
DA:3,1
DA:5,1
LF:4
LH:4
BRF:0
BRH:0
end_of_record
TN:
SF:src/setupSwagger.ts
FN:5,(anonymous_1)
FNF:1
FNH:1
FNDA:1,(anonymous_1)
DA:1,1
DA:2,1
DA:5,1
DA:6,1
DA:9,1
LF:5
LH:5
BRF:0
BRH:0
end_of_record
TN:
SF:src/controllers/task.controller.ts
FN:6,(anonymous_0)
FN:17,(anonymous_1)
FN:26,(anonymous_2)
FN:39,(anonymous_3)
FN:53,(anonymous_4)
FNF:5
FNH:5
FNDA:7,(anonymous_0)
FNDA:1,(anonymous_1)
FNDA:2,(anonymous_2)
FNDA:2,(anonymous_3)
FNDA:2,(anonymous_4)
DA:2,1
DA:4,1
DA:6,1
DA:7,7
DA:8,7
DA:10,7
DA:11,6
DA:13,1
DA:17,1
DA:18,1
DA:19,1
DA:20,1
DA:22,0
DA:26,1
DA:27,2
DA:28,2
DA:29,2
DA:30,1
DA:32,1
DA:35,0
DA:39,1
DA:40,2
DA:41,2
DA:42,2
DA:43,2
DA:44,1
DA:46,1
DA:49,0
DA:53,1
DA:54,2
DA:55,2
DA:56,2
DA:57,1
DA:59,1
DA:62,0
LF:35
LH:31
BRDA:29,0,0,1
BRDA:29,0,1,1
BRDA:43,1,0,1
BRDA:43,1,1,1
BRDA:56,2,0,1
BRDA:56,2,1,1
BRF:6
BRH:6
end_of_record
TN:
SF:src/entity/task.entity.ts
FNF:0
FNH:0
DA:1,1
DA:4,1
DA:6,1
DA:9,1
DA:12,1
DA:15,1
LF:6
LH:6
BRF:0
BRH:0
end_of_record
TN:
SF:src/repositories/task.repository.ts
FNF:0
FNH:0
DA:1,1
DA:2,1
DA:4,1
LF:3
LH:3
BRF:0
BRH:0
end_of_record
TN:
SF:src/routes/task.route.ts
FNF:0
FNH:0
DA:1,1
DA:2,1
DA:3,1
DA:5,1
DA:7,1
DA:8,1
DA:9,1
DA:10,1
DA:11,1
DA:13,1
LF:10
LH:10
BRF:0
BRH:0
end_of_record
TN:
SF:src/services/task.service.ts
FN:5,(anonymous_0)
FN:14,(anonymous_1)
FN:18,(anonymous_2)
FN:22,(anonymous_3)
FN:35,(anonymous_4)
FNF:5
FNH:5
FNDA:7,(anonymous_0)
FNDA:1,(anonymous_1)
FNDA:4,(anonymous_2)
FNDA:2,(anonymous_3)
FNDA:2,(anonymous_4)
DA:1,1
DA:2,1
DA:4,1
DA:6,7
DA:7,7
DA:8,7
DA:9,7
DA:11,7
DA:15,1
DA:19,4
DA:23,2
DA:24,2
DA:25,1
DA:28,1
DA:29,1
DA:30,1
DA:32,1
DA:36,2
DA:37,2
LF:19
LH:19
BRDA:24,0,0,1
BRF:1
BRH:1
end_of_record
TN:
SF:src/validation/taskValidation.ts
FN:3,(anonymous_0)
FNF:1
FNH:1
FNDA:14,(anonymous_0)
DA:3,1
DA:4,14
DA:6,14
DA:7,2
DA:10,12
DA:11,1
DA:14,11
DA:16,11
DA:17,1
DA:20,10
DA:21,1
DA:24,9
LF:12
LH:12
BRDA:6,0,0,2
BRDA:6,1,0,14
BRDA:6,1,1,13
BRDA:6,1,2,13
BRDA:10,2,0,1
BRDA:10,3,0,12
BRDA:10,3,1,4
BRDA:16,4,0,1
BRDA:16,5,0,11
BRDA:16,5,1,5
BRDA:20,6,0,1
BRDA:20,7,0,10
BRDA:20,7,1,3
BRF:13
BRH:13
end_of_record
